<?xml version="1.0" encoding="UTF-8"?>
<testng-results ignored="0" total="15" passed="15" failed="0" skipped="0">
  <reporter-output>
  </reporter-output>
  <suite started-at="2024-09-26T15:32:02 IST" name="Default suite" finished-at="2024-09-26T15:32:22 IST" duration-ms="19259">
    <groups>
    </groups>
    <test started-at="2024-09-26T15:32:02 IST" name="Default test" finished-at="2024-09-26T15:32:22 IST" duration-ms="19259">
      <class name="reqres.EndPointsAutomated">
        <test-method signature="create()[pri:0, instance:reqres.EndPointsAutomated@3eb738bb]" started-at="2024-09-26T15:32:03 IST" name="create" finished-at="2024-09-26T15:32:11 IST" duration-ms="8000" status="PASS">
          <reporter-output>
          </reporter-output>
        </test-method> <!-- create -->
        <test-method signature="delayResponse()[pri:0, instance:reqres.EndPointsAutomated@3eb738bb]" started-at="2024-09-26T15:32:11 IST" name="delayResponse" finished-at="2024-09-26T15:32:14 IST" duration-ms="3757" status="PASS">
          <reporter-output>
          </reporter-output>
        </test-method> <!-- delayResponse -->
        <test-method signature="delete()[pri:0, instance:reqres.EndPointsAutomated@3eb738bb]" started-at="2024-09-26T15:32:14 IST" name="delete" finished-at="2024-09-26T15:32:15 IST" duration-ms="596" status="PASS">
          <reporter-output>
          </reporter-output>
        </test-method> <!-- delete -->
        <test-method signature="listOfResourse()[pri:0, instance:reqres.EndPointsAutomated@3eb738bb]" started-at="2024-09-26T15:32:15 IST" name="listOfResourse" finished-at="2024-09-26T15:32:16 IST" duration-ms="727" status="PASS">
          <reporter-output>
          </reporter-output>
        </test-method> <!-- listOfResourse -->
        <test-method signature="listUsers()[pri:0, instance:reqres.EndPointsAutomated@3eb738bb]" started-at="2024-09-26T15:32:16 IST" name="listUsers" finished-at="2024-09-26T15:32:16 IST" duration-ms="219" status="PASS">
          <reporter-output>
          </reporter-output>
        </test-method> <!-- listUsers -->
        <test-method signature="loginSuccessfull()[pri:0, instance:reqres.EndPointsAutomated@3eb738bb]" started-at="2024-09-26T15:32:16 IST" name="loginSuccessfull" finished-at="2024-09-26T15:32:17 IST" duration-ms="826" status="PASS">
          <reporter-output>
          </reporter-output>
        </test-method> <!-- loginSuccessfull -->
        <test-method signature="loginUnSuccessfull()[pri:0, instance:reqres.EndPointsAutomated@3eb738bb]" started-at="2024-09-26T15:32:17 IST" name="loginUnSuccessfull" finished-at="2024-09-26T15:32:17 IST" duration-ms="563" status="PASS">
          <reporter-output>
          </reporter-output>
        </test-method> <!-- loginUnSuccessfull -->
        <test-method signature="registerSuccessfull()[pri:0, instance:reqres.EndPointsAutomated@3eb738bb]" started-at="2024-09-26T15:32:17 IST" name="registerSuccessfull" finished-at="2024-09-26T15:32:18 IST" duration-ms="619" status="PASS">
          <reporter-output>
          </reporter-output>
        </test-method> <!-- registerSuccessfull -->
        <test-method signature="registerUnSuccessfull()[pri:0, instance:reqres.EndPointsAutomated@3eb738bb]" started-at="2024-09-26T15:32:18 IST" name="registerUnSuccessfull" finished-at="2024-09-26T15:32:19 IST" duration-ms="760" status="PASS">
          <reporter-output>
          </reporter-output>
        </test-method> <!-- registerUnSuccessfull -->
        <test-method signature="singleResourse()[pri:0, instance:reqres.EndPointsAutomated@3eb738bb]" started-at="2024-09-26T15:32:19 IST" name="singleResourse" finished-at="2024-09-26T15:32:19 IST" duration-ms="624" status="PASS">
          <reporter-output>
          </reporter-output>
        </test-method> <!-- singleResourse -->
        <test-method signature="singleResourseNotFound()[pri:0, instance:reqres.EndPointsAutomated@3eb738bb]" started-at="2024-09-26T15:32:19 IST" name="singleResourseNotFound" finished-at="2024-09-26T15:32:20 IST" duration-ms="316" status="PASS">
          <reporter-output>
          </reporter-output>
        </test-method> <!-- singleResourseNotFound -->
        <test-method signature="singleUser()[pri:0, instance:reqres.EndPointsAutomated@3eb738bb]" started-at="2024-09-26T15:32:20 IST" name="singleUser" finished-at="2024-09-26T15:32:20 IST" duration-ms="549" status="PASS">
          <reporter-output>
          </reporter-output>
        </test-method> <!-- singleUser -->
        <test-method signature="singleUserNotFound()[pri:0, instance:reqres.EndPointsAutomated@3eb738bb]" started-at="2024-09-26T15:32:20 IST" name="singleUserNotFound" finished-at="2024-09-26T15:32:20 IST" duration-ms="234" status="PASS">
          <reporter-output>
          </reporter-output>
        </test-method> <!-- singleUserNotFound -->
        <test-method signature="update()[pri:0, instance:reqres.EndPointsAutomated@3eb738bb]" started-at="2024-09-26T15:32:20 IST" name="update" finished-at="2024-09-26T15:32:21 IST" duration-ms="574" status="PASS">
          <reporter-output>
          </reporter-output>
        </test-method> <!-- update -->
        <test-method signature="update1()[pri:0, instance:reqres.EndPointsAutomated@3eb738bb]" started-at="2024-09-26T15:32:21 IST" name="update1" finished-at="2024-09-26T15:32:22 IST" duration-ms="529" status="PASS">
          <reporter-output>
          </reporter-output>
        </test-method> <!-- update1 -->
      </class> <!-- reqres.EndPointsAutomated -->
    </test> <!-- Default test -->
  </suite> <!-- Default suite -->
</testng-results>
